Using pre-set license
Built from '2021.3/staging' branch; Version is '2021.3.22f1 (b6c551784ba3) revision 11978065'; Using compiler version '192829333'; Build Type 'Release'
OS: 'Windows 11  (10.0.22621) 64bit Professional' Language: 'en' Physical Memory: 16220 MB
BatchMode: 1, IsHumanControllingUs: 0, StartBugReporterOnCrash: 0, Is64bit: 1, IsPro: 1

COMMAND LINE ARGUMENTS:
C:\Program Files\Unity\Hub\Editor\2021.3.22f1\Editor\Unity.exe
-adb2
-batchMode
-noUpm
-name
AssetImportWorker0
-projectPath
C:/Projects/Unity Projects/LogoQuiz
-logFile
Logs/AssetImportWorker0.log
-srvPort
52898
Successfully changed project path to: C:/Projects/Unity Projects/LogoQuiz
C:/Projects/Unity Projects/LogoQuiz
[UnityMemory] Configuration Parameters - Can be set up in boot.config
    "memorysetup-bucket-allocator-granularity=16"
    "memorysetup-bucket-allocator-bucket-count=8"
    "memorysetup-bucket-allocator-block-size=33554432"
    "memorysetup-bucket-allocator-block-count=8"
    "memorysetup-main-allocator-block-size=16777216"
    "memorysetup-thread-allocator-block-size=16777216"
    "memorysetup-gfx-main-allocator-block-size=16777216"
    "memorysetup-gfx-thread-allocator-block-size=16777216"
    "memorysetup-cache-allocator-block-size=4194304"
    "memorysetup-typetree-allocator-block-size=2097152"
    "memorysetup-profiler-bucket-allocator-granularity=16"
    "memorysetup-profiler-bucket-allocator-bucket-count=8"
    "memorysetup-profiler-bucket-allocator-block-size=33554432"
    "memorysetup-profiler-bucket-allocator-block-count=8"
    "memorysetup-profiler-allocator-block-size=16777216"
    "memorysetup-profiler-editor-allocator-block-size=1048576"
    "memorysetup-temp-allocator-size-main=16777216"
    "memorysetup-job-temp-allocator-block-size=2097152"
    "memorysetup-job-temp-allocator-block-size-background=1048576"
    "memorysetup-job-temp-allocator-reduction-small-platforms=262144"
    "memorysetup-temp-allocator-size-background-worker=32768"
    "memorysetup-temp-allocator-size-job-worker=262144"
    "memorysetup-temp-allocator-size-preload-manager=33554432"
    "memorysetup-temp-allocator-size-nav-mesh-worker=65536"
    "memorysetup-temp-allocator-size-audio-worker=65536"
    "memorysetup-temp-allocator-size-cloud-worker=32768"
    "memorysetup-temp-allocator-size-gi-baking-worker=262144"
    "memorysetup-temp-allocator-size-gfx=262144"
Player connection [32720] Host "[IP] 192.168.28.162 [Port] 0 [Flags] 2 [Guid] 1330492879 [EditorId] 1330492879 [Version] 1048832 [Id] WindowsEditor(7,CristiPC) [Debug] 1 [PackageName] WindowsEditor [ProjectName] Editor" joined multi-casting on [225.0.0.222:54997]...

Player connection [32720] Host "[IP] 192.168.28.162 [Port] 0 [Flags] 2 [Guid] 1330492879 [EditorId] 1330492879 [Version] 1048832 [Id] WindowsEditor(7,CristiPC) [Debug] 1 [PackageName] WindowsEditor [ProjectName] Editor" joined alternative multi-casting on [225.0.0.222:34997]...

Refreshing native plugins compatible for Editor in 50.84 ms, found 0 plugins.
Preloading 0 native plugins for Editor in 0.00 ms.
Initialize engine version: 2021.3.22f1 (b6c551784ba3)
[Subsystems] Discovering subsystems at path C:/Program Files/Unity/Hub/Editor/2021.3.22f1/Editor/Data/Resources/UnitySubsystems
[Subsystems] Discovering subsystems at path C:/Projects/Unity Projects/LogoQuiz/Assets
GfxDevice: creating device client; threaded=0; jobified=0
Direct3D:
    Version:  Direct3D 11.0 [level 11.1]
    Renderer: NVIDIA GeForce GTX 960 (ID=0x1401)
    Vendor:   NVIDIA
    VRAM:     4047 MB
    Driver:   31.0.15.3129
Initialize mono
Mono path[0] = 'C:/Program Files/Unity/Hub/Editor/2021.3.22f1/Editor/Data/Managed'
Mono path[1] = 'C:/Program Files/Unity/Hub/Editor/2021.3.22f1/Editor/Data/MonoBleedingEdge/lib/mono/unityjit-win32'
Mono config path = 'C:/Program Files/Unity/Hub/Editor/2021.3.22f1/Editor/Data/MonoBleedingEdge/etc'
Using monoOptions --debugger-agent=transport=dt_socket,embedding=1,server=y,suspend=n,address=127.0.0.1:56044
Begin MonoManager ReloadAssembly
Registering precompiled unity dll's ...
Register platform support module: C:/Program Files/Unity/Hub/Editor/2021.3.22f1/Editor/Data/PlaybackEngines/AndroidPlayer/UnityEditor.Android.Extensions.dll
Register platform support module: C:/Program Files/Unity/Hub/Editor/2021.3.22f1/Editor/Data/PlaybackEngines/iOSSupport/UnityEditor.iOS.Extensions.dll
Register platform support module: C:/Program Files/Unity/Hub/Editor/2021.3.22f1/Editor/Data/PlaybackEngines/WindowsStandaloneSupport/UnityEditor.WindowsStandalone.Extensions.dll
Register platform support module: C:/Program Files/Unity/Hub/Editor/2021.3.22f1/Editor/Data/PlaybackEngines/MetroSupport/UnityEditor.UWP.Extensions.dll
Registered in 0.025463 seconds.
Native extension for UWP target not found
Native extension for WindowsStandalone target not found
[usbmuxd] Start listen thread
[usbmuxd] Listen thread started
Native extension for iOS target not found
Native extension for Android target not found
Android Extension - Scanning For ADB Devices 244 ms
Refreshing native plugins compatible for Editor in 19.21 ms, found 0 plugins.
Preloading 0 native plugins for Editor in 0.00 ms.
Mono: successfully reloaded assembly
- Completed reload, in  0.893 seconds
Domain Reload Profiling:
	ReloadAssembly (894ms)
		BeginReloadAssembly (107ms)
			ExecutionOrderSort (0ms)
			DisableScriptedObjects (0ms)
			BackupInstance (0ms)
			ReleaseScriptingObjects (0ms)
			CreateAndSetChildDomain (1ms)
		EndReloadAssembly (659ms)
			LoadAssemblies (105ms)
			RebuildTransferFunctionScriptingTraits (0ms)
			SetupTypeCache (99ms)
			ReleaseScriptCaches (0ms)
			RebuildScriptCaches (24ms)
			SetupLoadedEditorAssemblies (471ms)
				LogAssemblyErrors (0ms)
				InitializePlatformSupportModulesInManaged (343ms)
				SetLoadedEditorAssemblies (0ms)
				RefreshPlugins (19ms)
				BeforeProcessingInitializeOnLoad (1ms)
				ProcessInitializeOnLoadAttributes (71ms)
				ProcessInitializeOnLoadMethodAttributes (36ms)
				AfterProcessingInitializeOnLoad (0ms)
				EditorAssembliesLoaded (0ms)
			ExecutionOrderSort2 (0ms)
			AwakeInstancesAfterBackupRestoration (0ms)
Platform modules already initialized, skipping
Registering precompiled user dll's ...
Registered in 0.011619 seconds.
Begin MonoManager ReloadAssembly
Native extension for UWP target not found
Native extension for WindowsStandalone target not found
Native extension for iOS target not found
Native extension for Android target not found
Refreshing native plugins compatible for Editor in 0.64 ms, found 0 plugins.
Preloading 0 native plugins for Editor in 0.00 ms.
Mono: successfully reloaded assembly
- Completed reload, in  0.809 seconds
Domain Reload Profiling:
	ReloadAssembly (810ms)
		BeginReloadAssembly (146ms)
			ExecutionOrderSort (0ms)
			DisableScriptedObjects (6ms)
			BackupInstance (0ms)
			ReleaseScriptingObjects (0ms)
			CreateAndSetChildDomain (16ms)
		EndReloadAssembly (531ms)
			LoadAssemblies (113ms)
			RebuildTransferFunctionScriptingTraits (0ms)
			SetupTypeCache (115ms)
			ReleaseScriptCaches (0ms)
			RebuildScriptCaches (29ms)
			SetupLoadedEditorAssemblies (253ms)
				LogAssemblyErrors (0ms)
				InitializePlatformSupportModulesInManaged (35ms)
				SetLoadedEditorAssemblies (0ms)
				RefreshPlugins (1ms)
				BeforeProcessingInitializeOnLoad (46ms)
				ProcessInitializeOnLoadAttributes (132ms)
				ProcessInitializeOnLoadMethodAttributes (17ms)
				AfterProcessingInitializeOnLoad (21ms)
				EditorAssembliesLoaded (0ms)
			ExecutionOrderSort2 (0ms)
			AwakeInstancesAfterBackupRestoration (5ms)
Platform modules already initialized, skipping
========================================================================
Worker process is ready to serve import requests
Launched and connected shader compiler UnityShaderCompiler.exe after 0.04 seconds
Refreshing native plugins compatible for Editor in 0.66 ms, found 0 plugins.
Preloading 0 native plugins for Editor in 0.00 ms.
Unloading 694 Unused Serialized files (Serialized files now loaded: 0)
Unloading 79 unused Assets / (58.1 KB). Loaded Objects now: 1115.
Memory consumption went from 42.2 MB to 42.1 MB.
Total: 1.905100 ms (FindLiveObjects: 0.068900 ms CreateObjectMapping: 0.014300 ms MarkObjects: 1.756100 ms  DeleteObjects: 0.064800 ms)

AssetImportParameters requested are different than current active one (requested -> active):
  custom:video-decoder-ogg-theora: a1e56fd34408186e4bbccfd4996cb3dc -> 
  custom:container-muxer-webm: aa71ff27fc2769a1b78a27578f13a17b -> 
  custom:container-demuxer-webm: 4f35f7cbe854078d1ac9338744f61a02 -> 
  custom:video-encoder-webm-vp8: eb34c28f22e8b96e1ab97ce403110664 -> 
  custom:video-codec-MediaFoundation-h265: 746d11721c4dcdbdad8f713fa42b33f4 -> 
  custom:audio-encoder-webm-vorbis: bf7c407c2cedff20999df2af8eb42d56 -> 
  custom:framework-win-MediaFoundation: 216162199b28c13a410421893ffa2e32 -> 
  custom:container-demuxer-ogg: 62fdf1f143b41e24485cea50d1cbac27 -> 
  custom:video-decoder-webm-vp8: 9c59270c3fd7afecdb556c50c9e8de78 -> 
  custom:audio-decoder-ogg-vorbis: bf7c407c2cedff20999df2af8eb42d56 -> 
========================================================================
Received Import Request.
  Time since last request: 107246.142526 seconds.
  path: Assets/Resources/Logos/Aixam_.png
  artifactKey: Guid(646ada13bf311534c96fb34d7f4439c2) Importer(815301076,1909f56bfc062723c751e8b465ee728b)
Start importing Assets/Resources/Logos/Aixam_.png using Guid(646ada13bf311534c96fb34d7f4439c2) Importer(815301076,1909f56bfc062723c751e8b465ee728b)  -> (artifact id: '7ec4f2e40415f6968104902194be4f14') in 0.103163 seconds 
========================================================================
Received Import Request.
  Time since last request: 0.000022 seconds.
  path: Assets/Resources/Logos/Aixam.png
  artifactKey: Guid(68b2fe48ba04d53408132e46ec0219be) Importer(815301076,1909f56bfc062723c751e8b465ee728b)
Start importing Assets/Resources/Logos/Aixam.png using Guid(68b2fe48ba04d53408132e46ec0219be) Importer(815301076,1909f56bfc062723c751e8b465ee728b)  -> (artifact id: 'e84186434604a3cdb16eb4b95487d55c') in 0.022076 seconds 
========================================================================
Received Import Request.
  Time since last request: 0.000044 seconds.
  path: Assets/Resources/Logos/Acura_.png
  artifactKey: Guid(c95ee3513f57f1646b1887f62fa319a1) Importer(815301076,1909f56bfc062723c751e8b465ee728b)
Start importing Assets/Resources/Logos/Acura_.png using Guid(c95ee3513f57f1646b1887f62fa319a1) Importer(815301076,1909f56bfc062723c751e8b465ee728b)  -> (artifact id: 'fe6b51a7b9028924b7e9e77276b203a2') in 0.029617 seconds 
========================================================================
Received Import Request.
  Time since last request: 0.000015 seconds.
  path: Assets/Resources/Logos/Alfa Romeo_.png
  artifactKey: Guid(77c217b6f9d6267419840417289f867c) Importer(815301076,1909f56bfc062723c751e8b465ee728b)
Start importing Assets/Resources/Logos/Alfa Romeo_.png using Guid(77c217b6f9d6267419840417289f867c) Importer(815301076,1909f56bfc062723c751e8b465ee728b)  -> (artifact id: '912c1bff06c8f8353aa22a01fdd2d909') in 0.020692 seconds 
========================================================================
Received Import Request.
  Time since last request: 0.000016 seconds.
  path: Assets/Resources
  artifactKey: Guid(d47a69fe635502b49a8243fe09541f5b) Importer(815301076,1909f56bfc062723c751e8b465ee728b)
Start importing Assets/Resources using Guid(d47a69fe635502b49a8243fe09541f5b) Importer(815301076,1909f56bfc062723c751e8b465ee728b)  -> (artifact id: 'f1750668eb7db59efdeb13738ed99e96') in 0.006651 seconds 
========================================================================
Received Import Request.
  Time since last request: 0.000016 seconds.
  path: Assets/Resources/Logos/Abarth.png
  artifactKey: Guid(c417c6426b2e3004ba6b23ec292f5e3a) Importer(815301076,1909f56bfc062723c751e8b465ee728b)
Start importing Assets/Resources/Logos/Abarth.png using Guid(c417c6426b2e3004ba6b23ec292f5e3a) Importer(815301076,1909f56bfc062723c751e8b465ee728b)  -> (artifact id: 'b71de3e4d1fad3288f74b8b99cbc7cbe') in 0.029564 seconds 
========================================================================
Received Import Request.
  Time since last request: 0.000015 seconds.
  path: Assets/Resources/Logos/Acura.png
  artifactKey: Guid(172fc840f516a9d40ad9af26f7d2c142) Importer(815301076,1909f56bfc062723c751e8b465ee728b)
Start importing Assets/Resources/Logos/Acura.png using Guid(172fc840f516a9d40ad9af26f7d2c142) Importer(815301076,1909f56bfc062723c751e8b465ee728b)  -> (artifact id: '4cf7d982c9174c7887e240b71af0ab4c') in 0.023854 seconds 
========================================================================
Received Import Request.
  Time since last request: 0.000018 seconds.
  path: Assets/Resources/Logos/Alpina.png
  artifactKey: Guid(167b36f8589c07d4986d63c42866fc13) Importer(815301076,1909f56bfc062723c751e8b465ee728b)
Start importing Assets/Resources/Logos/Alpina.png using Guid(167b36f8589c07d4986d63c42866fc13) Importer(815301076,1909f56bfc062723c751e8b465ee728b)  -> (artifact id: '74063fa61a7ae68de010dfec3f110853') in 0.026689 seconds 
========================================================================
Received Import Request.
  Time since last request: 0.000014 seconds.
  path: Assets/Resources/Logos/Alpina_.png
  artifactKey: Guid(fbbef39c511e77146bc0fc2e0e6c32f9) Importer(815301076,1909f56bfc062723c751e8b465ee728b)
Start importing Assets/Resources/Logos/Alpina_.png using Guid(fbbef39c511e77146bc0fc2e0e6c32f9) Importer(815301076,1909f56bfc062723c751e8b465ee728b)  -> (artifact id: '32a43871af2a6ee68a26c85fedc36d9e') in 0.024694 seconds 
========================================================================
Received Import Request.
  Time since last request: 0.000024 seconds.
  path: Assets/Resources/LogoUI.prefab
  artifactKey: Guid(bc62a0f26011d344d910ce6b2af1a746) Importer(815301076,1909f56bfc062723c751e8b465ee728b)
Start importing Assets/Resources/LogoUI.prefab using Guid(bc62a0f26011d344d910ce6b2af1a746) Importer(815301076,1909f56bfc062723c751e8b465ee728b)  -> (artifact id: '64471f7485b3d83abf97fa918a561d31') in 0.024658 seconds 
========================================================================
Received Import Request.
  Time since last request: 0.000016 seconds.
  path: Assets/Resources/Logos/Alfa Romeo.png
  artifactKey: Guid(662e082377f44904fa613029fcaf5406) Importer(815301076,1909f56bfc062723c751e8b465ee728b)
Start importing Assets/Resources/Logos/Alfa Romeo.png using Guid(662e082377f44904fa613029fcaf5406) Importer(815301076,1909f56bfc062723c751e8b465ee728b)  -> (artifact id: 'd4714f3e74588c7b7b8ca359641559a2') in 0.021170 seconds 
========================================================================
Received Import Request.
  Time since last request: 31.561004 seconds.
  path: Assets/Resources/Flags/france.png
  artifactKey: Guid(971d75bf4490bc443ab758cf3d7885b5) Importer(815301076,1909f56bfc062723c751e8b465ee728b)
Start importing Assets/Resources/Flags/france.png using Guid(971d75bf4490bc443ab758cf3d7885b5) Importer(815301076,1909f56bfc062723c751e8b465ee728b)  -> (artifact id: 'f427390b9dc0663800ecdcb927bfa257') in 0.030614 seconds 
========================================================================
Received Import Request.
  Time since last request: 0.000019 seconds.
  path: Assets/Resources/Flags/greece.png
  artifactKey: Guid(860a973083025424084bc48e1f27f232) Importer(815301076,1909f56bfc062723c751e8b465ee728b)
Start importing Assets/Resources/Flags/greece.png using Guid(860a973083025424084bc48e1f27f232) Importer(815301076,1909f56bfc062723c751e8b465ee728b)  -> (artifact id: 'cf14fdbb92c47e8627e21d8e3a975e1f') in 0.031558 seconds 
========================================================================
Received Import Request.
  Time since last request: 0.000016 seconds.
  path: Assets/Resources/Flags/switzerland.png
  artifactKey: Guid(3d894faee929a9e419d77a466ab2a69e) Importer(815301076,1909f56bfc062723c751e8b465ee728b)
Start importing Assets/Resources/Flags/switzerland.png using Guid(3d894faee929a9e419d77a466ab2a69e) Importer(815301076,1909f56bfc062723c751e8b465ee728b)  -> (artifact id: '1cc9b73296eda28163a578d1c1bb9b78') in 0.028396 seconds 
========================================================================
Received Import Request.
  Time since last request: 0.000018 seconds.
  path: Assets/Resources/Flags/romania.png
  artifactKey: Guid(c39e36134be0db446a0bcb4af9e671ff) Importer(815301076,1909f56bfc062723c751e8b465ee728b)
Start importing Assets/Resources/Flags/romania.png using Guid(c39e36134be0db446a0bcb4af9e671ff) Importer(815301076,1909f56bfc062723c751e8b465ee728b)  -> (artifact id: '19451302d6d4453c98a852e2638ae30b') in 0.029364 seconds 
========================================================================
Received Import Request.
  Time since last request: 0.000013 seconds.
  path: Assets/Resources/Flags/usa.png
  artifactKey: Guid(45671ff9cf6b7054987911cfe1cb5028) Importer(815301076,1909f56bfc062723c751e8b465ee728b)
Start importing Assets/Resources/Flags/usa.png using Guid(45671ff9cf6b7054987911cfe1cb5028) Importer(815301076,1909f56bfc062723c751e8b465ee728b)  -> (artifact id: 'd52a9be781933a95800e7c7479190338') in 0.032648 seconds 
========================================================================
Received Import Request.
  Time since last request: 86.597989 seconds.
  path: Assets/Resources/Flags/japan.png
  artifactKey: Guid(509bda02b679fad428f265a9297f38ef) Importer(815301076,1909f56bfc062723c751e8b465ee728b)
Start importing Assets/Resources/Flags/japan.png using Guid(509bda02b679fad428f265a9297f38ef) Importer(815301076,1909f56bfc062723c751e8b465ee728b)  -> (artifact id: '2892264448d64f5f6300b6ea24daf9e7') in 0.026197 seconds 
========================================================================
Received Prepare
Registering precompiled user dll's ...
Registered in 0.012037 seconds.
Begin MonoManager ReloadAssembly
Native extension for UWP target not found
Native extension for WindowsStandalone target not found
Native extension for iOS target not found
Native extension for Android target not found
Refreshing native plugins compatible for Editor in 0.37 ms, found 0 plugins.
Preloading 0 native plugins for Editor in 0.00 ms.
Mono: successfully reloaded assembly
- Completed reload, in  0.831 seconds
Domain Reload Profiling:
	ReloadAssembly (831ms)
		BeginReloadAssembly (158ms)
			ExecutionOrderSort (0ms)
			DisableScriptedObjects (3ms)
			BackupInstance (0ms)
			ReleaseScriptingObjects (0ms)
			CreateAndSetChildDomain (24ms)
		EndReloadAssembly (559ms)
			LoadAssemblies (119ms)
			RebuildTransferFunctionScriptingTraits (0ms)
			SetupTypeCache (118ms)
			ReleaseScriptCaches (0ms)
			RebuildScriptCaches (30ms)
			SetupLoadedEditorAssemblies (263ms)
				LogAssemblyErrors (0ms)
				InitializePlatformSupportModulesInManaged (36ms)
				SetLoadedEditorAssemblies (0ms)
				RefreshPlugins (0ms)
				BeforeProcessingInitializeOnLoad (52ms)
				ProcessInitializeOnLoadAttributes (124ms)
				ProcessInitializeOnLoadMethodAttributes (21ms)
				AfterProcessingInitializeOnLoad (29ms)
				EditorAssembliesLoaded (0ms)
			ExecutionOrderSort2 (0ms)
			AwakeInstancesAfterBackupRestoration (5ms)
Platform modules already initialized, skipping
Refreshing native plugins compatible for Editor in 11.29 ms, found 0 plugins.
Preloading 0 native plugins for Editor in 0.00 ms.
Unloading 689 Unused Serialized files (Serialized files now loaded: 0)
Unloading 73 unused Assets / (26.3 KB). Loaded Objects now: 1130.
Memory consumption went from 45.4 MB to 45.4 MB.
Total: 1.734900 ms (FindLiveObjects: 0.057000 ms CreateObjectMapping: 0.014800 ms MarkObjects: 1.636100 ms  DeleteObjects: 0.026100 ms)

AssetImportParameters requested are different than current active one (requested -> active):
  custom:video-decoder-ogg-theora: a1e56fd34408186e4bbccfd4996cb3dc -> 
  custom:container-muxer-webm: aa71ff27fc2769a1b78a27578f13a17b -> 
  custom:container-demuxer-webm: 4f35f7cbe854078d1ac9338744f61a02 -> 
  custom:video-encoder-webm-vp8: eb34c28f22e8b96e1ab97ce403110664 -> 
  custom:video-codec-MediaFoundation-h265: 746d11721c4dcdbdad8f713fa42b33f4 -> 
  custom:audio-encoder-webm-vorbis: bf7c407c2cedff20999df2af8eb42d56 -> 
  custom:framework-win-MediaFoundation: 216162199b28c13a410421893ffa2e32 -> 
  custom:container-demuxer-ogg: 62fdf1f143b41e24485cea50d1cbac27 -> 
  custom:video-decoder-webm-vp8: 9c59270c3fd7afecdb556c50c9e8de78 -> 
  custom:audio-decoder-ogg-vorbis: bf7c407c2cedff20999df2af8eb42d56 -> 
