Using pre-set license
Built from '2021.3/staging' branch; Version is '2021.3.24f1 (cf10dcf7010d) revision 13570268'; Using compiler version '192829333'; Build Type 'Release'
OS: 'Windows 11  (10.0.22621) 64bit Professional' Language: 'en' Physical Memory: 16220 MB
BatchMode: 1, IsHumanControllingUs: 0, StartBugReporterOnCrash: 0, Is64bit: 1, IsPro: 1

COMMAND LINE ARGUMENTS:
C:\Program Files\Unity\Hub\Editor\2021.3.24f1\Editor\Unity.exe
-adb2
-batchMode
-noUpm
-name
AssetImportWorker2
-projectPath
C:/Projects/Unity Projects/LogoQuiz
-logFile
Logs/AssetImportWorker2.log
-srvPort
50076
Successfully changed project path to: C:/Projects/Unity Projects/LogoQuiz
C:/Projects/Unity Projects/LogoQuiz
[UnityMemory] Configuration Parameters - Can be set up in boot.config
    "memorysetup-bucket-allocator-granularity=16"
    "memorysetup-bucket-allocator-bucket-count=8"
    "memorysetup-bucket-allocator-block-size=33554432"
    "memorysetup-bucket-allocator-block-count=8"
    "memorysetup-main-allocator-block-size=16777216"
    "memorysetup-thread-allocator-block-size=16777216"
    "memorysetup-gfx-main-allocator-block-size=16777216"
    "memorysetup-gfx-thread-allocator-block-size=16777216"
    "memorysetup-cache-allocator-block-size=4194304"
    "memorysetup-typetree-allocator-block-size=2097152"
    "memorysetup-profiler-bucket-allocator-granularity=16"
    "memorysetup-profiler-bucket-allocator-bucket-count=8"
    "memorysetup-profiler-bucket-allocator-block-size=33554432"
    "memorysetup-profiler-bucket-allocator-block-count=8"
    "memorysetup-profiler-allocator-block-size=16777216"
    "memorysetup-profiler-editor-allocator-block-size=1048576"
    "memorysetup-temp-allocator-size-main=16777216"
    "memorysetup-job-temp-allocator-block-size=2097152"
    "memorysetup-job-temp-allocator-block-size-background=1048576"
    "memorysetup-job-temp-allocator-reduction-small-platforms=262144"
    "memorysetup-temp-allocator-size-background-worker=32768"
    "memorysetup-temp-allocator-size-job-worker=262144"
    "memorysetup-temp-allocator-size-preload-manager=33554432"
    "memorysetup-temp-allocator-size-nav-mesh-worker=65536"
    "memorysetup-temp-allocator-size-audio-worker=65536"
    "memorysetup-temp-allocator-size-cloud-worker=32768"
    "memorysetup-temp-allocator-size-gi-baking-worker=262144"
    "memorysetup-temp-allocator-size-gfx=262144"
Player connection [25768] Host "[IP] 192.168.28.162 [Port] 0 [Flags] 2 [Guid] 4277780836 [EditorId] 4277780836 [Version] 1048832 [Id] WindowsEditor(7,CristiPC) [Debug] 1 [PackageName] WindowsEditor [ProjectName] Editor" joined multi-casting on [225.0.0.222:54997]...

Player connection [25768] Host "[IP] 192.168.28.162 [Port] 0 [Flags] 2 [Guid] 4277780836 [EditorId] 4277780836 [Version] 1048832 [Id] WindowsEditor(7,CristiPC) [Debug] 1 [PackageName] WindowsEditor [ProjectName] Editor" joined alternative multi-casting on [225.0.0.222:34997]...

Refreshing native plugins compatible for Editor in 47.28 ms, found 0 plugins.
Preloading 0 native plugins for Editor in 0.00 ms.
Initialize engine version: 2021.3.24f1 (cf10dcf7010d)
[Subsystems] Discovering subsystems at path C:/Program Files/Unity/Hub/Editor/2021.3.24f1/Editor/Data/Resources/UnitySubsystems
[Subsystems] Discovering subsystems at path C:/Projects/Unity Projects/LogoQuiz/Assets
GfxDevice: creating device client; threaded=0; jobified=0
Direct3D:
    Version:  Direct3D 11.0 [level 11.1]
    Renderer: NVIDIA GeForce GTX 960 (ID=0x1401)
    Vendor:   NVIDIA
    VRAM:     4047 MB
    Driver:   31.0.15.3179
Initialize mono
Mono path[0] = 'C:/Program Files/Unity/Hub/Editor/2021.3.24f1/Editor/Data/Managed'
Mono path[1] = 'C:/Program Files/Unity/Hub/Editor/2021.3.24f1/Editor/Data/MonoBleedingEdge/lib/mono/unityjit-win32'
Mono config path = 'C:/Program Files/Unity/Hub/Editor/2021.3.24f1/Editor/Data/MonoBleedingEdge/etc'
Using monoOptions --debugger-agent=transport=dt_socket,embedding=1,server=y,suspend=n,address=127.0.0.1:56788
Begin MonoManager ReloadAssembly
Registering precompiled unity dll's ...
Register platform support module: C:/Program Files/Unity/Hub/Editor/2021.3.24f1/Editor/Data/PlaybackEngines/AndroidPlayer/UnityEditor.Android.Extensions.dll
Register platform support module: C:/Program Files/Unity/Hub/Editor/2021.3.24f1/Editor/Data/PlaybackEngines/iOSSupport/UnityEditor.iOS.Extensions.dll
Register platform support module: C:/Program Files/Unity/Hub/Editor/2021.3.24f1/Editor/Data/PlaybackEngines/WindowsStandaloneSupport/UnityEditor.WindowsStandalone.Extensions.dll
Registered in 0.021203 seconds.
Native extension for WindowsStandalone target not found
[usbmuxd] Start listen thread
[usbmuxd] Listen thread started
Native extension for iOS target not found
Native extension for Android target not found
Android Extension - Scanning For ADB Devices 227 ms
Refreshing native plugins compatible for Editor in 15.45 ms, found 0 plugins.
Preloading 0 native plugins for Editor in 0.00 ms.
Mono: successfully reloaded assembly
- Completed reload, in  0.924 seconds
Domain Reload Profiling:
	ReloadAssembly (925ms)
		BeginReloadAssembly (122ms)
			ExecutionOrderSort (0ms)
			DisableScriptedObjects (0ms)
			BackupInstance (0ms)
			ReleaseScriptingObjects (0ms)
			CreateAndSetChildDomain (1ms)
		EndReloadAssembly (678ms)
			LoadAssemblies (119ms)
			RebuildTransferFunctionScriptingTraits (0ms)
			SetupTypeCache (148ms)
			ReleaseScriptCaches (0ms)
			RebuildScriptCaches (22ms)
			SetupLoadedEditorAssemblies (441ms)
				LogAssemblyErrors (0ms)
				InitializePlatformSupportModulesInManaged (320ms)
				SetLoadedEditorAssemblies (0ms)
				RefreshPlugins (16ms)
				BeforeProcessingInitializeOnLoad (1ms)
				ProcessInitializeOnLoadAttributes (71ms)
				ProcessInitializeOnLoadMethodAttributes (33ms)
				AfterProcessingInitializeOnLoad (0ms)
				EditorAssembliesLoaded (0ms)
			ExecutionOrderSort2 (0ms)
			AwakeInstancesAfterBackupRestoration (0ms)
Platform modules already initialized, skipping
Registering precompiled user dll's ...
Registered in 0.013468 seconds.
Begin MonoManager ReloadAssembly
Native extension for WindowsStandalone target not found
Native extension for iOS target not found
Native extension for Android target not found
Refreshing native plugins compatible for Editor in 0.43 ms, found 0 plugins.
Preloading 0 native plugins for Editor in 0.00 ms.
Mono: successfully reloaded assembly
- Completed reload, in  0.915 seconds
Domain Reload Profiling:
	ReloadAssembly (915ms)
		BeginReloadAssembly (183ms)
			ExecutionOrderSort (0ms)
			DisableScriptedObjects (6ms)
			BackupInstance (0ms)
			ReleaseScriptingObjects (0ms)
			CreateAndSetChildDomain (23ms)
		EndReloadAssembly (569ms)
			LoadAssemblies (138ms)
			RebuildTransferFunctionScriptingTraits (0ms)
			SetupTypeCache (140ms)
			ReleaseScriptCaches (0ms)
			RebuildScriptCaches (35ms)
			SetupLoadedEditorAssemblies (251ms)
				LogAssemblyErrors (0ms)
				InitializePlatformSupportModulesInManaged (37ms)
				SetLoadedEditorAssemblies (0ms)
				RefreshPlugins (0ms)
				BeforeProcessingInitializeOnLoad (44ms)
				ProcessInitializeOnLoadAttributes (129ms)
				ProcessInitializeOnLoadMethodAttributes (19ms)
				AfterProcessingInitializeOnLoad (21ms)
				EditorAssembliesLoaded (0ms)
			ExecutionOrderSort2 (0ms)
			AwakeInstancesAfterBackupRestoration (5ms)
Platform modules already initialized, skipping
========================================================================
Worker process is ready to serve import requests
Launched and connected shader compiler UnityShaderCompiler.exe after 0.04 seconds
Refreshing native plugins compatible for Editor in 0.70 ms, found 0 plugins.
Preloading 0 native plugins for Editor in 0.00 ms.
Unloading 689 Unused Serialized files (Serialized files now loaded: 0)
Unloading 77 unused Assets / (58.0 KB). Loaded Objects now: 1112.
Memory consumption went from 42.3 MB to 42.3 MB.
Total: 3.101300 ms (FindLiveObjects: 0.068300 ms CreateObjectMapping: 0.016500 ms MarkObjects: 2.928800 ms  DeleteObjects: 0.086500 ms)

AssetImportParameters requested are different than current active one (requested -> active):
  custom:video-decoder-ogg-theora: a1e56fd34408186e4bbccfd4996cb3dc -> 
  custom:container-muxer-webm: aa71ff27fc2769a1b78a27578f13a17b -> 
  custom:container-demuxer-webm: 4f35f7cbe854078d1ac9338744f61a02 -> 
  custom:video-encoder-webm-vp8: eb34c28f22e8b96e1ab97ce403110664 -> 
  custom:video-codec-MediaFoundation-h265: 746d11721c4dcdbdad8f713fa42b33f4 -> 
  custom:audio-encoder-webm-vorbis: bf7c407c2cedff20999df2af8eb42d56 -> 
  custom:framework-win-MediaFoundation: 216162199b28c13a410421893ffa2e32 -> 
  custom:container-demuxer-ogg: 62fdf1f143b41e24485cea50d1cbac27 -> 
  custom:video-decoder-webm-vp8: 9c59270c3fd7afecdb556c50c9e8de78 -> 
  custom:audio-decoder-ogg-vorbis: bf7c407c2cedff20999df2af8eb42d56 -> 
========================================================================
Received Import Request.
  Time since last request: 7370.870589 seconds.
  path: Assets/Resources/Logos/Apps/Zoom.png
  artifactKey: Guid(3fbe96838cba54a4f8826fa64593f762) Importer(815301076,1909f56bfc062723c751e8b465ee728b)
Start importing Assets/Resources/Logos/Apps/Zoom.png using Guid(3fbe96838cba54a4f8826fa64593f762) Importer(815301076,1909f56bfc062723c751e8b465ee728b)  -> (artifact id: '0fafd7a797bdccabedf0ecc4777f8e12') in 0.108184 seconds 
========================================================================
Received Import Request.
  Time since last request: 1.065961 seconds.
  path: Assets/Resources/Logos/Apps/yahoo!.png
  artifactKey: Guid(2c809d5c96bfa5442879f049847648d8) Importer(815301076,1909f56bfc062723c751e8b465ee728b)
Start importing Assets/Resources/Logos/Apps/yahoo!.png using Guid(2c809d5c96bfa5442879f049847648d8) Importer(815301076,1909f56bfc062723c751e8b465ee728b)  -> (artifact id: '5e24f3f7394143f6df21039e5e761103') in 0.091840 seconds 
========================================================================
Received Import Request.
  Time since last request: 0.000020 seconds.
  path: Assets/Resources/Logos/Airlines/WizzAir_.png
  artifactKey: Guid(01a383bc26d66294db633224224b1d51) Importer(815301076,1909f56bfc062723c751e8b465ee728b)
Start importing Assets/Resources/Logos/Airlines/WizzAir_.png using Guid(01a383bc26d66294db633224224b1d51) Importer(815301076,1909f56bfc062723c751e8b465ee728b)  -> (artifact id: '2e0446eecdb728a2adf7f45721106984') in 0.029199 seconds 
========================================================================
Received Import Request.
  Time since last request: 0.000027 seconds.
  path: Assets/Resources/Logos/Cars/Lynk&Co.png
  artifactKey: Guid(6d61936735dde1e46ab5f208a49bcf66) Importer(815301076,1909f56bfc062723c751e8b465ee728b)
Start importing Assets/Resources/Logos/Cars/Lynk&Co.png using Guid(6d61936735dde1e46ab5f208a49bcf66) Importer(815301076,1909f56bfc062723c751e8b465ee728b)  -> (artifact id: '466c42c556c84b495bd8e7e18c26cee4') in 0.031180 seconds 
========================================================================
Received Import Request.
  Time since last request: 0.000022 seconds.
  path: Assets/Resources/Logos/IT/Sony_.png
  artifactKey: Guid(21a1daa37e6dd8b45857e7e3bec10b37) Importer(815301076,1909f56bfc062723c751e8b465ee728b)
Start importing Assets/Resources/Logos/IT/Sony_.png using Guid(21a1daa37e6dd8b45857e7e3bec10b37) Importer(815301076,1909f56bfc062723c751e8b465ee728b)  -> (artifact id: '7f79ea59d694847298392c6a7bede8a7') in 0.048134 seconds 
========================================================================
Received Import Request.
  Time since last request: 0.000017 seconds.
  path: Assets/Resources/Logos/Cars/Aixam_.png
  artifactKey: Guid(646ada13bf311534c96fb34d7f4439c2) Importer(815301076,1909f56bfc062723c751e8b465ee728b)
Start importing Assets/Resources/Logos/Cars/Aixam_.png using Guid(646ada13bf311534c96fb34d7f4439c2) Importer(815301076,1909f56bfc062723c751e8b465ee728b)  -> (artifact id: 'a957783d518f5f5acdda4c2fe88b7c4b') in 0.035375 seconds 
========================================================================
Received Import Request.
  Time since last request: 0.000070 seconds.
  path: Assets/Resources/Logos/Cars/Aixam.png
  artifactKey: Guid(68b2fe48ba04d53408132e46ec0219be) Importer(815301076,1909f56bfc062723c751e8b465ee728b)
Start importing Assets/Resources/Logos/Cars/Aixam.png using Guid(68b2fe48ba04d53408132e46ec0219be) Importer(815301076,1909f56bfc062723c751e8b465ee728b)  -> (artifact id: 'ee7a21acdd3b03a989b33ed5e34bfda0') in 0.033842 seconds 
========================================================================
Received Import Request.
  Time since last request: 0.000025 seconds.
  path: Assets/Resources/Logos/Cars/SsangYong.png
  artifactKey: Guid(d853eb5722b55f54f82bf24c8e35506f) Importer(815301076,1909f56bfc062723c751e8b465ee728b)
Start importing Assets/Resources/Logos/Cars/SsangYong.png using Guid(d853eb5722b55f54f82bf24c8e35506f) Importer(815301076,1909f56bfc062723c751e8b465ee728b)  -> (artifact id: '8ccc3fa7640b652a3b1021a222f3351c') in 0.045806 seconds 
========================================================================
Received Import Request.
  Time since last request: 0.000025 seconds.
  path: Assets/Resources/Logos/Drinks/Red Bull.png
  artifactKey: Guid(2538a432e007a584bb105f260b082571) Importer(815301076,1909f56bfc062723c751e8b465ee728b)
Start importing Assets/Resources/Logos/Drinks/Red Bull.png using Guid(2538a432e007a584bb105f260b082571) Importer(815301076,1909f56bfc062723c751e8b465ee728b)  -> (artifact id: '76f4c8ec3ef0c9e2eef1e5edff2ee0b1') in 0.188050 seconds 
========================================================================
Received Import Request.
  Time since last request: 0.000018 seconds.
  path: Assets/Resources/Logos/Airlines/Lufthansa_.png
  artifactKey: Guid(c3e3bfcfb7d4e654681b1c99dcc3c850) Importer(815301076,1909f56bfc062723c751e8b465ee728b)
Start importing Assets/Resources/Logos/Airlines/Lufthansa_.png using Guid(c3e3bfcfb7d4e654681b1c99dcc3c850) Importer(815301076,1909f56bfc062723c751e8b465ee728b)  -> (artifact id: 'f0a5d0239c9d54a6ca052d733f78250e') in 0.036231 seconds 
========================================================================
Received Import Request.
  Time since last request: 0.000039 seconds.
  path: Assets/Resources/Logos/Apps/Wikipedia.png
  artifactKey: Guid(a555a4f3a6d2b334c8b47e3e3c09bf4a) Importer(815301076,1909f56bfc062723c751e8b465ee728b)
Start importing Assets/Resources/Logos/Apps/Wikipedia.png using Guid(a555a4f3a6d2b334c8b47e3e3c09bf4a) Importer(815301076,1909f56bfc062723c751e8b465ee728b)  -> (artifact id: 'd89f3a57527e01b6a29f82ed4182b6b3') in 0.260661 seconds 
========================================================================
Received Import Request.
  Time since last request: 0.000019 seconds.
  path: Assets/Resources/Logos/Apps/eBay_.png
  artifactKey: Guid(e0dcc7c981553d448a6ee933151f9f05) Importer(815301076,1909f56bfc062723c751e8b465ee728b)
Start importing Assets/Resources/Logos/Apps/eBay_.png using Guid(e0dcc7c981553d448a6ee933151f9f05) Importer(815301076,1909f56bfc062723c751e8b465ee728b)  -> (artifact id: '28cd9d4478fe771324a9da7960db65d4') in 0.104368 seconds 
========================================================================
Received Import Request.
  Time since last request: 0.000024 seconds.
  path: Assets/Resources/Logos/Other/UPS_.png
  artifactKey: Guid(ddde0698d8cbdc545ab7f05ac106a121) Importer(815301076,1909f56bfc062723c751e8b465ee728b)
Start importing Assets/Resources/Logos/Other/UPS_.png using Guid(ddde0698d8cbdc545ab7f05ac106a121) Importer(815301076,1909f56bfc062723c751e8b465ee728b)  -> (artifact id: 'ec4aac57f103ac554a5c3316513dcf31') in 0.140850 seconds 
========================================================================
Received Import Request.
  Time since last request: 0.000022 seconds.
  path: Assets/Resources/Logos/Apps/Winamp.png
  artifactKey: Guid(400fc881e6be76b468265f751b8b7262) Importer(815301076,1909f56bfc062723c751e8b465ee728b)
Start importing Assets/Resources/Logos/Apps/Winamp.png using Guid(400fc881e6be76b468265f751b8b7262) Importer(815301076,1909f56bfc062723c751e8b465ee728b)  -> (artifact id: '3f4287714b9a0d7fb5c7f1e2e512f0b1') in 0.264670 seconds 
========================================================================
Received Import Request.
  Time since last request: 0.000026 seconds.
  path: Assets/Resources/Logos/Shops/Louis Vuitton_.png
  artifactKey: Guid(19ece5877ce3f64409e122b7bda03e38) Importer(815301076,1909f56bfc062723c751e8b465ee728b)
Start importing Assets/Resources/Logos/Shops/Louis Vuitton_.png using Guid(19ece5877ce3f64409e122b7bda03e38) Importer(815301076,1909f56bfc062723c751e8b465ee728b)  -> (artifact id: '4dbbd8622a932b94010cffa779f5c337') in 0.053879 seconds 
========================================================================
Received Import Request.
  Time since last request: 0.000029 seconds.
  path: Assets/Resources/Logos/Shops/Louis Vuitton.png
  artifactKey: Guid(fa445d4dc8e962d4c9af911e3fbbc313) Importer(815301076,1909f56bfc062723c751e8b465ee728b)
Start importing Assets/Resources/Logos/Shops/Louis Vuitton.png using Guid(fa445d4dc8e962d4c9af911e3fbbc313) Importer(815301076,1909f56bfc062723c751e8b465ee728b)  -> (artifact id: '74a1c65d5a68bd522839fc352d967874') in 0.066933 seconds 
========================================================================
Received Import Request.
  Time since last request: 0.000014 seconds.
  path: Assets/Resources/Logos/Cars/SEAT.png
  artifactKey: Guid(df0ce9fceed9bb148966e146187b3348) Importer(815301076,1909f56bfc062723c751e8b465ee728b)
Start importing Assets/Resources/Logos/Cars/SEAT.png using Guid(df0ce9fceed9bb148966e146187b3348) Importer(815301076,1909f56bfc062723c751e8b465ee728b)  -> (artifact id: '4d041196ec80a446965eaab1c02276cd') in 0.040452 seconds 
========================================================================
Received Import Request.
  Time since last request: 0.000016 seconds.
  path: Assets/Resources/Logos/Finance/PayPal_.png
  artifactKey: Guid(4874c72b831aebf438a499fbe3a63a1a) Importer(815301076,1909f56bfc062723c751e8b465ee728b)
Start importing Assets/Resources/Logos/Finance/PayPal_.png using Guid(4874c72b831aebf438a499fbe3a63a1a) Importer(815301076,1909f56bfc062723c751e8b465ee728b)  -> (artifact id: '8112286ebef6007ccd679868093ad23f') in 0.130619 seconds 
========================================================================
Received Import Request.
  Time since last request: 0.000017 seconds.
  path: Assets/Resources/Logos/IT/Sony.png
  artifactKey: Guid(58b7bd744e3fc084c9b5f14db0f70bfe) Importer(815301076,1909f56bfc062723c751e8b465ee728b)
Start importing Assets/Resources/Logos/IT/Sony.png using Guid(58b7bd744e3fc084c9b5f14db0f70bfe) Importer(815301076,1909f56bfc062723c751e8b465ee728b)  -> (artifact id: 'c640c3a4c800235b9481b4b6aa5d3c21') in 0.036337 seconds 
========================================================================
Received Import Request.
  Time since last request: 0.000020 seconds.
  path: Assets/Resources/Logos/Cars/Scania_.png
  artifactKey: Guid(0b5b9cd848f0e2b4f935db20c991d631) Importer(815301076,1909f56bfc062723c751e8b465ee728b)
Start importing Assets/Resources/Logos/Cars/Scania_.png using Guid(0b5b9cd848f0e2b4f935db20c991d631) Importer(815301076,1909f56bfc062723c751e8b465ee728b)  -> (artifact id: 'bf0641b6b95c09bfe53d4aa0abd7cce1') in 0.021862 seconds 
========================================================================
Received Import Request.
  Time since last request: 0.000014 seconds.
  path: Assets/Resources/Logos/Cars/TVR.png
  artifactKey: Guid(ce4bc356edf47c3408580899153f27e9) Importer(815301076,1909f56bfc062723c751e8b465ee728b)
Start importing Assets/Resources/Logos/Cars/TVR.png using Guid(ce4bc356edf47c3408580899153f27e9) Importer(815301076,1909f56bfc062723c751e8b465ee728b)  -> (artifact id: 'be528fcedc64c06ce1516f13b95d1083') in 0.023630 seconds 
========================================================================
Received Import Request.
  Time since last request: 0.000023 seconds.
  path: Assets/Resources/Logos/Apps/uTorrent.png
  artifactKey: Guid(3b1287c179d843441a5bec14b11ba779) Importer(815301076,1909f56bfc062723c751e8b465ee728b)
Start importing Assets/Resources/Logos/Apps/uTorrent.png using Guid(3b1287c179d843441a5bec14b11ba779) Importer(815301076,1909f56bfc062723c751e8b465ee728b)  -> (artifact id: 'deba1cc74315d91625e362e0dbe56291') in 0.028123 seconds 
========================================================================
Received Import Request.
  Time since last request: 0.000023 seconds.
  path: Assets/Resources/Logos/Cosmetics/blend-a-med.png
  artifactKey: Guid(ef70366209f95524882d2ba28befee8c) Importer(815301076,1909f56bfc062723c751e8b465ee728b)
Start importing Assets/Resources/Logos/Cosmetics/blend-a-med.png using Guid(ef70366209f95524882d2ba28befee8c) Importer(815301076,1909f56bfc062723c751e8b465ee728b)  -> (artifact id: '2b50ae5745a1f424973e499ea71c0c6d') in 0.059832 seconds 
========================================================================
Received Import Request.
  Time since last request: 0.000015 seconds.
  path: Assets/Resources/Logos/Cars/Porsche.png
  artifactKey: Guid(71e579b9b3451594fb2e167e5e41a137) Importer(815301076,1909f56bfc062723c751e8b465ee728b)
Start importing Assets/Resources/Logos/Cars/Porsche.png using Guid(71e579b9b3451594fb2e167e5e41a137) Importer(815301076,1909f56bfc062723c751e8b465ee728b)  -> (artifact id: 'cf96521589f7312822bc3f0c4e84ed4b') in 0.037635 seconds 
========================================================================
Received Import Request.
  Time since last request: 0.000015 seconds.
  path: Assets/Resources/Logos/Apps/PayPal_.png
  artifactKey: Guid(3b6d627f587b2964eb64cfabd7ff9568) Importer(815301076,1909f56bfc062723c751e8b465ee728b)
Start importing Assets/Resources/Logos/Apps/PayPal_.png using Guid(3b6d627f587b2964eb64cfabd7ff9568) Importer(815301076,1909f56bfc062723c751e8b465ee728b)  -> (artifact id: '1871dc7ae7fb75f771d884ba939fdedb') in 0.138203 seconds 
========================================================================
Received Import Request.
  Time since last request: 0.000031 seconds.
  path: Assets/Resources/Logos/Cars/Scion_.png
  artifactKey: Guid(b6b610c8bf0de534589696630a8267d0) Importer(815301076,1909f56bfc062723c751e8b465ee728b)
Start importing Assets/Resources/Logos/Cars/Scion_.png using Guid(b6b610c8bf0de534589696630a8267d0) Importer(815301076,1909f56bfc062723c751e8b465ee728b)  -> (artifact id: '7d2ebb1a0048d7bcbd15645fd5af439f') in 0.031019 seconds 
========================================================================
Received Import Request.
  Time since last request: 0.000026 seconds.
  path: Assets/Resources/Logos/Apps/tinder_.png
  artifactKey: Guid(9ed69fd2626b6e143a53a815ad170240) Importer(815301076,1909f56bfc062723c751e8b465ee728b)
Start importing Assets/Resources/Logos/Apps/tinder_.png using Guid(9ed69fd2626b6e143a53a815ad170240) Importer(815301076,1909f56bfc062723c751e8b465ee728b)  -> (artifact id: '052caea1110a4ac8e609ad310be38930') in 0.077236 seconds 
========================================================================
Received Import Request.
  Time since last request: 3.587900 seconds.
  path: Assets/Resources/Logos/Apps/YouTube_.png
  artifactKey: Guid(79f55f8cc2efca443be4b239d84820c0) Importer(815301076,1909f56bfc062723c751e8b465ee728b)
Start importing Assets/Resources/Logos/Apps/YouTube_.png using Guid(79f55f8cc2efca443be4b239d84820c0) Importer(815301076,1909f56bfc062723c751e8b465ee728b)  -> (artifact id: '86c26a12a312bb40b1ba622c66f83e1e') in 0.122971 seconds 
========================================================================
Received Import Request.
  Time since last request: 0.000019 seconds.
  path: Assets/Resources/Logos/Cars/Volvo_.png
  artifactKey: Guid(f9f7c2eb316bd2140b1b40260195478d) Importer(815301076,1909f56bfc062723c751e8b465ee728b)
Start importing Assets/Resources/Logos/Cars/Volvo_.png using Guid(f9f7c2eb316bd2140b1b40260195478d) Importer(815301076,1909f56bfc062723c751e8b465ee728b)  -> (artifact id: 'eb3afbd37aa048838842161cce6ca802') in 0.031724 seconds 
========================================================================
Received Import Request.
  Time since last request: 0.000022 seconds.
  path: Assets/Resources/Logos/Cars/Berkeley.png
  artifactKey: Guid(4c946da4698553647bd8b09c88196145) Importer(815301076,1909f56bfc062723c751e8b465ee728b)
Start importing Assets/Resources/Logos/Cars/Berkeley.png using Guid(4c946da4698553647bd8b09c88196145) Importer(815301076,1909f56bfc062723c751e8b465ee728b)  -> (artifact id: 'eb4db57d93bb40d848972d1be5c3540e') in 0.025679 seconds 
========================================================================
Received Import Request.
  Time since last request: 0.000020 seconds.
  path: Assets/Resources/Logos/Cars/Bertone_.png
  artifactKey: Guid(1a0658c783d70a64998fd701699caf33) Importer(815301076,1909f56bfc062723c751e8b465ee728b)
Start importing Assets/Resources/Logos/Cars/Bertone_.png using Guid(1a0658c783d70a64998fd701699caf33) Importer(815301076,1909f56bfc062723c751e8b465ee728b)  -> (artifact id: 'b33af105727e8d3a4fa29c25f360834a') in 0.025587 seconds 
========================================================================
Received Import Request.
  Time since last request: 0.000017 seconds.
  path: Assets/Resources/Logos/Cars/Iveco_.png
  artifactKey: Guid(7ff420936dec1754fb2d89f107eec630) Importer(815301076,1909f56bfc062723c751e8b465ee728b)
Start importing Assets/Resources/Logos/Cars/Iveco_.png using Guid(7ff420936dec1754fb2d89f107eec630) Importer(815301076,1909f56bfc062723c751e8b465ee728b)  -> (artifact id: 'c05e157a9c099f5b0d5847aeb08a5d2b') in 0.033473 seconds 
========================================================================
Received Import Request.
  Time since last request: 0.000015 seconds.
  path: Assets/Resources/Logos/Drinks/Fanta.png
  artifactKey: Guid(1a2de59376707ac47b840a38545a43b5) Importer(815301076,1909f56bfc062723c751e8b465ee728b)
Start importing Assets/Resources/Logos/Drinks/Fanta.png using Guid(1a2de59376707ac47b840a38545a43b5) Importer(815301076,1909f56bfc062723c751e8b465ee728b)  -> (artifact id: '919c575b3546ff3d03652759695378e7') in 0.225945 seconds 
========================================================================
Received Import Request.
  Time since last request: 0.000018 seconds.
  path: Assets/Resources/Logos/Cars/Alpina_.png
  artifactKey: Guid(fbbef39c511e77146bc0fc2e0e6c32f9) Importer(815301076,1909f56bfc062723c751e8b465ee728b)
Start importing Assets/Resources/Logos/Cars/Alpina_.png using Guid(fbbef39c511e77146bc0fc2e0e6c32f9) Importer(815301076,1909f56bfc062723c751e8b465ee728b)  -> (artifact id: '5f32bf686f85c9b79f3ad71cb03645c8') in 0.036641 seconds 
========================================================================
Received Import Request.
  Time since last request: 0.000025 seconds.
  path: Assets/Resources/Logos/Restaurants/Domino’s_.png
  artifactKey: Guid(593f6d501b36f494fbc450426cb7be02) Importer(815301076,1909f56bfc062723c751e8b465ee728b)
Start importing Assets/Resources/Logos/Restaurants/Domino’s_.png using Guid(593f6d501b36f494fbc450426cb7be02) Importer(815301076,1909f56bfc062723c751e8b465ee728b)  -> (artifact id: '8db9fab9e28cf73805168710489eba2c') in 0.248083 seconds 
========================================================================
Received Import Request.
  Time since last request: 0.000019 seconds.
  path: Assets/Sprites/Social/fazzleSmall.png
  artifactKey: Guid(1a28cc8abeaf15f43afd710e89e4ae24) Importer(815301076,1909f56bfc062723c751e8b465ee728b)
Start importing Assets/Sprites/Social/fazzleSmall.png using Guid(1a28cc8abeaf15f43afd710e89e4ae24) Importer(815301076,1909f56bfc062723c751e8b465ee728b)  -> (artifact id: '48fdaa17498574742a82fac25087ce82') in 0.022836 seconds 
========================================================================
Received Import Request.
  Time since last request: 0.000027 seconds.
  path: Assets/Resources/Logos/Cars/Bentley.png
  artifactKey: Guid(31cfeae2b60b18c4597bb20df29ca1f9) Importer(815301076,1909f56bfc062723c751e8b465ee728b)
Start importing Assets/Resources/Logos/Cars/Bentley.png using Guid(31cfeae2b60b18c4597bb20df29ca1f9) Importer(815301076,1909f56bfc062723c751e8b465ee728b)  -> (artifact id: 'd067cc31ba669cc5c0d31b6a17494330') in 0.040643 seconds 
========================================================================
Received Import Request.
  Time since last request: 0.000033 seconds.
  path: Assets/Resources/Logos/Airlines/Tunisair_.png
  artifactKey: Guid(342ff9f417c9eac4883a4f8615ad0542) Importer(815301076,1909f56bfc062723c751e8b465ee728b)
Start importing Assets/Resources/Logos/Airlines/Tunisair_.png using Guid(342ff9f417c9eac4883a4f8615ad0542) Importer(815301076,1909f56bfc062723c751e8b465ee728b)  -> (artifact id: 'acfaef1e1f6e9cd1882d0f0cf1f01637') in 0.035682 seconds 
========================================================================
Received Import Request.
  Time since last request: 0.000019 seconds.
  path: Assets/Resources/Logos/Cars/Trabant.png
  artifactKey: Guid(ae7600a03203541489f7053e8c47ea71) Importer(815301076,1909f56bfc062723c751e8b465ee728b)
Start importing Assets/Resources/Logos/Cars/Trabant.png using Guid(ae7600a03203541489f7053e8c47ea71) Importer(815301076,1909f56bfc062723c751e8b465ee728b)  -> (artifact id: '019882060b6306b78797e89c41f8f71f') in 0.034591 seconds 
========================================================================
Received Prepare
Registering precompiled user dll's ...
Registered in 0.018753 seconds.
Begin MonoManager ReloadAssembly
Native extension for WindowsStandalone target not found
Native extension for iOS target not found
Native extension for Android target not found
Refreshing native plugins compatible for Editor in 0.72 ms, found 0 plugins.
Preloading 0 native plugins for Editor in 0.00 ms.
System.IO.IOException: Sharing violation on path C:\Projects\Unity Projects\LogoQuiz\ProjectSettings\GvhProjectSettings.xml
  at System.IO.FileStream..ctor (System.String path, System.IO.FileMode mode, System.IO.FileAccess access, System.IO.FileShare share, System.Int32 bufferSize, System.Boolean anonymous, System.IO.FileOptions options) [0x0019e] in <4a4789deb75f446a81a24a1a00bdd3f9>:0 
  at System.IO.FileStream..ctor (System.String path, System.IO.FileMode mode, System.IO.FileAccess access, System.IO.FileShare share, System.Int32 bufferSize, System.IO.FileOptions options) [0x00000] in <4a4789deb75f446a81a24a1a00bdd3f9>:0 
  at (wrapper remoting-invoke-with-check) System.IO.FileStream..ctor(string,System.IO.FileMode,System.IO.FileAccess,System.IO.FileShare,int,System.IO.FileOptions)
  at System.IO.StreamReader..ctor (System.String path, System.Text.Encoding encoding, System.Boolean detectEncodingFromByteOrderMarks, System.Int32 bufferSize) [0x00055] in <4a4789deb75f446a81a24a1a00bdd3f9>:0 
  at System.IO.StreamReader..ctor (System.String path, System.Boolean detectEncodingFromByteOrderMarks) [0x00007] in <4a4789deb75f446a81a24a1a00bdd3f9>:0 
  at System.IO.StreamReader..ctor (System.String path) [0x00000] in <4a4789deb75f446a81a24a1a00bdd3f9>:0 
  at (wrapper remoting-invoke-with-check) System.IO.StreamReader..ctor(string)
  at Google.XmlUtilities.ParseXmlTextFileElements (System.String filename, Google.Logger logger, Google.XmlUtilities+ParseElement parseElement) [0x0000f] in Z:\tmp\tmp.QiXR5I7mCE\third_party\unity\unity_jar_resolver\source\VersionHandlerImpl\src\XmlUtilities.cs:104 
  at Google.ProjectSettings.Load () [0x00012] in Z:\tmp\tmp.QiXR5I7mCE\third_party\unity\unity_jar_resolver\source\VersionHandlerImpl\src\ProjectSettings.cs:777 
  at Google.ProjectSettings.LoadIfEmpty () [0x0001b] in Z:\tmp\tmp.QiXR5I7mCE\third_party\unity\unity_jar_resolver\source\VersionHandlerImpl\src\ProjectSettings.cs:558 
  at Google.ProjectSettings.GetBool (System.String name, System.Boolean defaultValue, Google.SettingsLocation location) [0x0002b] in Z:\tmp\tmp.QiXR5I7mCE\third_party\unity\unity_jar_resolver\source\VersionHandlerImpl\src\ProjectSettings.cs:606 
  at Google.ProjectSettings.GetBool (System.String name, System.Boolean defaultValue) [0x00000] in Z:\tmp\tmp.QiXR5I7mCE\third_party\unity\unity_jar_resolver\source\VersionHandlerImpl\src\ProjectSettings.cs:619 
  at Google.IOSResolver.get_VerboseLoggingEnabled () [0x00000] in Z:\tmp\tmp.Fmv2XgQsY7\third_party\unity\unity_jar_resolver\source\IOSResolver\src\IOSResolver.cs:1038 
  at Google.IOSResolver..cctor () [0x00215] in Z:\tmp\tmp.Fmv2XgQsY7\third_party\unity\unity_jar_resolver\source\IOSResolver\src\IOSResolver.cs:726 
UnityEngine.StackTraceUtility:ExtractStackTrace ()
UnityEngine.DebugLogHandler:LogFormat (UnityEngine.LogType,UnityEngine.Object,string,object[])
UnityEngine.Logger:Log (UnityEngine.LogType,object)
UnityEngine.Debug:LogError (object)
UnityEditor.EditorAssemblies:ProcessInitializeOnLoadAttributes (System.Type[])

Mono: successfully reloaded assembly
- Completed reload, in  0.834 seconds
Domain Reload Profiling:
	ReloadAssembly (834ms)
		BeginReloadAssembly (198ms)
			ExecutionOrderSort (0ms)
			DisableScriptedObjects (4ms)
			BackupInstance (0ms)
			ReleaseScriptingObjects (0ms)
			CreateAndSetChildDomain (19ms)
		EndReloadAssembly (507ms)
			LoadAssemblies (158ms)
			RebuildTransferFunctionScriptingTraits (0ms)
			SetupTypeCache (126ms)
			ReleaseScriptCaches (0ms)
			RebuildScriptCaches (25ms)
			SetupLoadedEditorAssemblies (212ms)
				LogAssemblyErrors (0ms)
				InitializePlatformSupportModulesInManaged (33ms)
				SetLoadedEditorAssemblies (1ms)
				RefreshPlugins (1ms)
				BeforeProcessingInitializeOnLoad (52ms)
				ProcessInitializeOnLoadAttributes (90ms)
				ProcessInitializeOnLoadMethodAttributes (15ms)
				AfterProcessingInitializeOnLoad (20ms)
				EditorAssembliesLoaded (0ms)
			ExecutionOrderSort2 (0ms)
			AwakeInstancesAfterBackupRestoration (4ms)
Platform modules already initialized, skipping
Refreshing native plugins compatible for Editor in 10.51 ms, found 0 plugins.
Preloading 0 native plugins for Editor in 0.00 ms.
Unloading 683 Unused Serialized files (Serialized files now loaded: 0)
Unloading 71 unused Assets / (26.2 KB). Loaded Objects now: 1173.
Memory consumption went from 46.1 MB to 46.1 MB.
Total: 1.863000 ms (FindLiveObjects: 0.075900 ms CreateObjectMapping: 0.020800 ms MarkObjects: 1.734500 ms  DeleteObjects: 0.031100 ms)

AssetImportParameters requested are different than current active one (requested -> active):
  custom:video-decoder-ogg-theora: a1e56fd34408186e4bbccfd4996cb3dc -> 
  custom:container-muxer-webm: aa71ff27fc2769a1b78a27578f13a17b -> 
  custom:container-demuxer-webm: 4f35f7cbe854078d1ac9338744f61a02 -> 
  custom:video-encoder-webm-vp8: eb34c28f22e8b96e1ab97ce403110664 -> 
  custom:video-codec-MediaFoundation-h265: 746d11721c4dcdbdad8f713fa42b33f4 -> 
  custom:audio-encoder-webm-vorbis: bf7c407c2cedff20999df2af8eb42d56 -> 
  custom:framework-win-MediaFoundation: 216162199b28c13a410421893ffa2e32 -> 
  custom:container-demuxer-ogg: 62fdf1f143b41e24485cea50d1cbac27 -> 
  custom:video-decoder-webm-vp8: 9c59270c3fd7afecdb556c50c9e8de78 -> 
  custom:audio-decoder-ogg-vorbis: bf7c407c2cedff20999df2af8eb42d56 -> 
Editor requested this worker to shutdown with reason: Scaling down because of idle timeout
AssetImportWorker is now disconnected from the server
Process exiting
Exiting without the bug reporter. Application will terminate with return code 0