
=== Sun Jan 17 12:59:41 2021

Packages were changed.
Update Mode: mergeDefaultDependencies

The following packages were added:
  com.unity.collab-proxy@1.2.16
  com.unity.ide.rider@1.1.4
  com.unity.ide.vscode@1.2.3
  com.unity.modules.ai@1.0.0
  com.unity.modules.androidjni@1.0.0
  com.unity.modules.animation@1.0.0
  com.unity.modules.assetbundle@1.0.0
  com.unity.modules.audio@1.0.0
  com.unity.modules.cloth@1.0.0
  com.unity.modules.director@1.0.0
  com.unity.modules.imageconversion@1.0.0
  com.unity.modules.imgui@1.0.0
  com.unity.modules.jsonserialize@1.0.0
  com.unity.modules.particlesystem@1.0.0
  com.unity.modules.physics@1.0.0
  com.unity.modules.physics2d@1.0.0
  com.unity.modules.screencapture@1.0.0
  com.unity.modules.terrain@1.0.0
  com.unity.modules.terrainphysics@1.0.0
  com.unity.modules.tilemap@1.0.0
  com.unity.modules.ui@1.0.0
  com.unity.modules.uielements@1.0.0
  com.unity.modules.umbra@1.0.0
  com.unity.modules.unityanalytics@1.0.0
  com.unity.modules.unitywebrequest@1.0.0
  com.unity.modules.unitywebrequestassetbundle@1.0.0
  com.unity.modules.unitywebrequestaudio@1.0.0
  com.unity.modules.unitywebrequesttexture@1.0.0
  com.unity.modules.unitywebrequestwww@1.0.0
  com.unity.modules.vehicles@1.0.0
  com.unity.modules.video@1.0.0
  com.unity.modules.vr@1.0.0
  com.unity.modules.wind@1.0.0
  com.unity.modules.xr@1.0.0
  com.unity.test-framework@1.1.19
  com.unity.textmeshpro@2.1.1
  com.unity.timeline@1.2.17
  com.unity.ugui@1.0.0
The following packages were updated:
  com.unity.2d.animation from version 3.2.4 to 3.2.6
  com.unity.2d.pixel-perfect from version 2.0.4 to 2.1.0
  com.unity.2d.psdimporter from version 2.1.5 to 2.1.6
  com.unity.2d.spriteshape from version 3.0.13 to 3.0.14

=== Sun Jan 24 14:02:02 2021

Packages were changed.
Update Mode: updateDependencies

The following packages were updated:
  com.unity.test-framework from version 1.1.19 to 1.1.20

=== Sat Feb 13 18:44:31 2021

Packages were changed.
Update Mode: updateDependencies

The following packages were updated:
  com.unity.test-framework from version 1.1.20 to 1.1.22

=== Sat Mar  6 20:23:54 2021

Packages were changed.
Update Mode: updateDependencies

The following packages were updated:
  com.unity.timeline from version 1.2.17 to 1.2.18

=== Thu Mar 25 15:56:10 2021

Packages were changed.
Update Mode: updateDependencies

The following packages were added:
  com.unity.ide.visualstudio@2.0.7
The following packages were updated:
  com.unity.2d.animation from version 3.2.6 to 5.0.4
  com.unity.2d.pixel-perfect from version 2.1.0 to 4.0.1
  com.unity.2d.psdimporter from version 2.1.6 to 4.0.2
  com.unity.2d.spriteshape from version 3.0.14 to 5.1.1
  com.unity.collab-proxy from version 1.2.16 to 1.3.9
  com.unity.textmeshpro from version 2.1.1 to 3.0.1
  com.unity.timeline from version 1.2.18 to 1.4.6

=== Tue Jun 29 18:57:19 2021

Packages were changed.
Update Mode: updateDependencies

The following packages were updated:
  com.unity.ide.visualstudio from version 2.0.7 to 2.0.8

=== Thu Sep 30 22:46:41 2021

Packages were changed.
Update Mode: updateDependencies

The following packages were updated:
  com.unity.test-framework from version 1.1.27 to 1.1.29

=== Sat Feb 26 15:27:40 2022

Packages were changed.
Update Mode: updateDependencies

The following packages were updated:
  com.unity.ide.visualstudio from version 2.0.12 to 2.0.14

=== Wed May  4 19:19:43 2022

Packages were changed.
Update Mode: updateDependencies

The following packages were updated:
  com.unity.2d.pixel-perfect from version 4.0.1 to 5.0.1
The following packages were removed:
  com.unity.quicksearch@2.0.2

=== Tue May 24 19:44:53 2022

Packages were changed.
Update Mode: updateDependencies

The following packages were updated:
  com.unity.ide.visualstudio from version 2.0.14 to 2.0.15

=== Wed Dec  7 13:57:40 2022

Packages were changed.
Update Mode: updateDependencies

The following packages were updated:
  com.unity.2d.pixel-perfect from version 5.0.1 to 5.0.3
  com.unity.ide.visualstudio from version 2.0.15 to 2.0.16

=== Fri Apr 28 14:06:09 2023

Packages were changed.
Update Mode: updateDependencies

The following packages were updated:
  com.unity.ide.visualstudio from version 2.0.17 to 2.0.18

=== Sun Mar 10 21:05:46 2024

Packages were changed.
Update Mode: updateDependencies

The following packages were added:
  com.unity.ai.navigation@1.1.5
The following packages were updated:
  com.unity.ide.visualstudio from version 2.0.18 to 2.0.22
